[debug] [2023-02-23T11:46:05.703Z] ----------------------------------------------------------------------
[debug] [2023-02-23T11:46:05.709Z] Command:       C:\Program Files\nodejs\node.exe C:\Users\94096\AppData\Roaming\npm\node_modules\firebase-tools\lib\bin\firebase.js init
[debug] [2023-02-23T11:46:05.710Z] CLI Version:   11.23.1
[debug] [2023-02-23T11:46:05.710Z] Platform:      win32
[debug] [2023-02-23T11:46:05.710Z] Node Version:  v16.4.0
[debug] [2023-02-23T11:46:05.713Z] Time:          Thu Feb 23 2023 16:46:05 GMT+0500 (Pakistan Standard Time)
[debug] [2023-02-23T11:46:05.714Z] ----------------------------------------------------------------------
[debug] 
[debug] [2023-02-23T11:46:05.734Z] > command requires scopes: ["email","openid","https://www.googleapis.com/auth/cloudplatformprojects.readonly","https://www.googleapis.com/auth/firebase","https://www.googleapis.com/auth/cloud-platform"]
[debug] [2023-02-23T11:46:05.734Z] > authorizing via signed-in user (ar5041057@gmail.com)
[info] 
     ######## #### ########  ######## ########     ###     ######  ########
     ##        ##  ##     ## ##       ##     ##  ##   ##  ##       ##
     ######    ##  ########  ######   ########  #########  ######  ######
     ##        ##  ##    ##  ##       ##     ## ##     ##       ## ##
     ##       #### ##     ## ######## ########  ##     ##  ######  ########

You're about to initialize a Firebase project in this directory:

  D:\Xamp8\htdocs\logis-master\logis-master

[debug] [2023-02-23T11:46:54.371Z] Error: Timed out.
    at Timeout._onTimeout (C:\Users\94096\AppData\Roaming\npm\node_modules\firebase-tools\lib\utils.js:253:49)
    at listOnTimeout (node:internal/timers:557:17)
    at processTimers (node:internal/timers:500:7)
[error] 
[error] Error: An unexpected error has occurred.
[debug] [2023-02-23T11:47:28.876Z] ----------------------------------------------------------------------
[debug] [2023-02-23T11:47:28.878Z] Command:       C:\Program Files\nodejs\node.exe C:\Users\94096\AppData\Roaming\npm\node_modules\firebase-tools\lib\bin\firebase.js init
[debug] [2023-02-23T11:47:28.879Z] CLI Version:   11.23.1
[debug] [2023-02-23T11:47:28.879Z] Platform:      win32
[debug] [2023-02-23T11:47:28.879Z] Node Version:  v16.4.0
[debug] [2023-02-23T11:47:28.880Z] Time:          Thu Feb 23 2023 16:47:28 GMT+0500 (Pakistan Standard Time)
[debug] [2023-02-23T11:47:28.881Z] ----------------------------------------------------------------------
[debug] 
[debug] [2023-02-23T11:47:28.889Z] > command requires scopes: ["email","openid","https://www.googleapis.com/auth/cloudplatformprojects.readonly","https://www.googleapis.com/auth/firebase","https://www.googleapis.com/auth/cloud-platform"]
[debug] [2023-02-23T11:47:28.889Z] > authorizing via signed-in user (ar5041057@gmail.com)
[info] 
     ######## #### ########  ######## ########     ###     ######  ########
     ##        ##  ##     ## ##       ##     ##  ##   ##  ##       ##
     ######    ##  ########  ######   ########  #########  ######  ######
     ##        ##  ##    ##  ##       ##     ## ##     ##       ## ##
     ##       #### ##     ## ######## ########  ##     ##  ######  ########

You're about to initialize a Firebase project in this directory:

  D:\Xamp8\htdocs\logis-master\logis-master

[info] 
=== Project Setup
[info] 
[info] First, let's associate this project directory with a Firebase project.
[info] You can create multiple project aliases by running firebase use --add, 
[info] but for now we'll just set up a default project.
[info] 
[debug] [2023-02-23T11:47:51.677Z] >>> [apiv2][query] GET https://firebase.googleapis.com/v1beta1/projects pageSize=100
[debug] [2023-02-23T11:47:57.381Z] <<< [apiv2][status] GET https://firebase.googleapis.com/v1beta1/projects 200
[debug] [2023-02-23T11:47:57.382Z] <<< [apiv2][body] GET https://firebase.googleapis.com/v1beta1/projects [omitted]
[info] i  Using project fir-demo-project (Firebase Demo Project) 
[info] 
=== Database Setup
[info] i  database: ensuring required API firebasedatabase.googleapis.com is enabled... 
[debug] [2023-02-23T11:47:57.426Z] >>> [apiv2][query] GET https://serviceusage.googleapis.com/v1/projects/fir-demo-project/services/firebasedatabase.googleapis.com [none]
[debug] [2023-02-23T11:47:57.426Z] >>> [apiv2][(partial)header] GET https://serviceusage.googleapis.com/v1/projects/fir-demo-project/services/firebasedatabase.googleapis.com x-goog-quota-user=projects/fir-demo-project
[debug] [2023-02-23T11:48:01.879Z] <<< [apiv2][status] GET https://serviceusage.googleapis.com/v1/projects/fir-demo-project/services/firebasedatabase.googleapis.com 200
[debug] [2023-02-23T11:48:01.879Z] <<< [apiv2][body] GET https://serviceusage.googleapis.com/v1/projects/fir-demo-project/services/firebasedatabase.googleapis.com [omitted]
[info] +  database: required API firebasedatabase.googleapis.com is enabled 
[info] 
[debug] [2023-02-23T11:48:01.882Z] >>> [apiv2][query] GET https://firebasedatabase.googleapis.com/v1beta/projects/fir-demo-project/locations/-/instances/fir-demo-project [none]
[debug] [2023-02-23T11:48:11.898Z] Timeout reached making request to https://firebasedatabase.googleapis.com/v1beta/projects/fir-demo-project/locations/-/instances/fir-demo-project
[debug] [2023-02-23T11:48:16.911Z] Error: Timed out.
    at Timeout._onTimeout (C:\Users\94096\AppData\Roaming\npm\node_modules\firebase-tools\lib\utils.js:253:49)
    at listOnTimeout (node:internal/timers:557:17)
    at processTimers (node:internal/timers:500:7)
[error] 
[error] Error: An unexpected error has occurred.
[debug] [2023-02-23T11:48:56.619Z] ----------------------------------------------------------------------
[debug] [2023-02-23T11:48:56.621Z] Command:       C:\Program Files\nodejs\node.exe C:\Users\94096\AppData\Roaming\npm\node_modules\firebase-tools\lib\bin\firebase.js init
[debug] [2023-02-23T11:48:56.622Z] CLI Version:   11.23.1
[debug] [2023-02-23T11:48:56.622Z] Platform:      win32
[debug] [2023-02-23T11:48:56.622Z] Node Version:  v16.4.0
[debug] [2023-02-23T11:48:56.623Z] Time:          Thu Feb 23 2023 16:48:56 GMT+0500 (Pakistan Standard Time)
[debug] [2023-02-23T11:48:56.623Z] ----------------------------------------------------------------------
[debug] 
[debug] [2023-02-23T11:48:56.632Z] > command requires scopes: ["email","openid","https://www.googleapis.com/auth/cloudplatformprojects.readonly","https://www.googleapis.com/auth/firebase","https://www.googleapis.com/auth/cloud-platform"]
[debug] [2023-02-23T11:48:56.632Z] > authorizing via signed-in user (ar5041057@gmail.com)
[info] 
     ######## #### ########  ######## ########     ###     ######  ########
     ##        ##  ##     ## ##       ##     ##  ##   ##  ##       ##
     ######    ##  ########  ######   ########  #########  ######  ######
     ##        ##  ##    ##  ##       ##     ## ##     ##       ## ##
     ##       #### ##     ## ######## ########  ##     ##  ######  ########

You're about to initialize a Firebase project in this directory:

  D:\Xamp8\htdocs\logis-master\logis-master

[info] 
=== Project Setup
[info] 
[info] First, let's associate this project directory with a Firebase project.
[info] You can create multiple project aliases by running firebase use --add, 
[info] but for now we'll just set up a default project.
[info] 
[debug] [2023-02-23T11:50:10.461Z] >>> [apiv2][query] GET https://firebase.googleapis.com/v1beta1/projects pageSize=100
[debug] [2023-02-23T11:50:11.947Z] <<< [apiv2][status] GET https://firebase.googleapis.com/v1beta1/projects 200
[debug] [2023-02-23T11:50:11.948Z] <<< [apiv2][body] GET https://firebase.googleapis.com/v1beta1/projects [omitted]
[info] i  Using project shipping-a9e08 (shipping) 
[info] 
=== Hosting Setup
[info] 
[info] Your public directory is the folder (relative to your project directory) that
[info] will contain Hosting assets to be uploaded with firebase deploy. If you
[info] have a build process for your assets, use your build's output directory.
[info] 
[info] +  Wrote public/404.html 
[debug] [2023-02-23T11:53:14.028Z] >>> [apiv2][query] GET https://www.gstatic.com/firebasejs/releases.json [none]
[debug] [2023-02-23T11:53:15.458Z] <<< [apiv2][status] GET https://www.gstatic.com/firebasejs/releases.json 200
[debug] [2023-02-23T11:53:15.459Z] <<< [apiv2][body] GET https://www.gstatic.com/firebasejs/releases.json {"current":{"version":"9.17.1","browserURL":"https://www.gstatic.com/firebasejs/9.17.1/firebase.js","packageURL":"https://www.gstatic.com/firebasejs/9.17.1/firebase.tgz"},"live":{"version":"9.17","browserURL":"https://www.gstatic.com/firebasejs/live/9.17/firebase.js","packageURL":"https://www.gstatic.com/firebasejs/live/9.17/firebase.tgz"},"components":{"analytics":"https://www.gstatic.com/firebasejs/9.17.1/firebase-analytics.js","app":"https://www.gstatic.com/firebasejs/9.17.1/firebase-app.js","app-check":"https://www.gstatic.com/firebasejs/9.17.1/firebase-app-check.js","auth":"https://www.gstatic.com/firebasejs/9.17.1/firebase-auth.js","auth/cordova":"https://www.gstatic.com/firebasejs/9.17.1/firebase-auth/cordova.js","auth/react-native":"https://www.gstatic.com/firebasejs/9.17.1/firebase-auth/react-native.js","functions":"https://www.gstatic.com/firebasejs/9.17.1/firebase-functions.js","firestore":"https://www.gstatic.com/firebasejs/9.17.1/firebase-firestore.js","firestore/lite":"https://www.gstatic.com/firebasejs/9.17.1/firebase-firestore/lite.js","installations":"https://www.gstatic.com/firebasejs/9.17.1/firebase-installations.js","storage":"https://www.gstatic.com/firebasejs/9.17.1/firebase-storage.js","performance":"https://www.gstatic.com/firebasejs/9.17.1/firebase-performance.js","remote-config":"https://www.gstatic.com/firebasejs/9.17.1/firebase-remote-config.js","messaging":"https://www.gstatic.com/firebasejs/9.17.1/firebase-messaging.js","messaging/sw":"https://www.gstatic.com/firebasejs/9.17.1/firebase-messaging/sw.js","database":"https://www.gstatic.com/firebasejs/9.17.1/firebase-database.js","firestore.memory":"https://www.gstatic.com/firebasejs/9.17.1/firebase-firestore.memory.js"}}
[info] i  Skipping write of public/index.html 
[info] 
[info] i  Writing configuration info to firebase.json... 
[info] i  Writing project information to .firebaserc... 
[info] i  Writing gitignore file to .gitignore... 
[info] 
[info] +  Firebase initialization complete! 
